<?xml version="1.0" encoding="UTF-8"?>
<!-- Generated by org.testng.reporters.JUnitXMLReporter -->
<testsuite hostname="DESKTOP-H6NSOSJ" ignored="0" name="Add Customer Test" tests="3" failures="0" timestamp="2025-03-10T18:30:37 PDT" time="5.053" errors="0">
  <testcase name="addCustomerTest" time="2.289" classname="com.w2a.testcases.AddCustomerTest"/>
  <testcase name="addCustomerTest" time="1.293" classname="com.w2a.testcases.AddCustomerTest"/>
  <testcase name="addCustomerTest" time="1.197" classname="com.w2a.testcases.AddCustomerTest"/>
</testsuite> <!-- Add Customer Test -->
