<?xml version="1.0" encoding="UTF-8"?>
<!-- Generated by org.testng.reporters.JUnitXMLReporter -->
<testsuite hostname="DESKTOP-H6NSOSJ" ignored="0" name="Bank Manager Login Test" tests="1" failures="1" timestamp="2025-03-10T18:30:32 PDT" time="2.206" errors="0">
  <testcase name="loginAsBankManager" time="1.485" classname="com.w2a.testcases.BankManagerLoginTest">
    <failure type="java.lang.AssertionError" message="Login not successful">
      <![CDATA[java.lang.AssertionError: Login not successful
at com.w2a.testcases.BankManagerLoginTest.loginAsBankManager(BankManagerLoginTest.java:22)
at java.util.ArrayList.forEach(ArrayList.java:1257)
... Removed 28 stack frames]]>
    </failure>
  </testcase> <!-- loginAsBankManager -->
</testsuite> <!-- Bank Manager Login Test -->
