<?xml version="1.0" encoding="UTF-8"?>
<testsuite name="TestSuite" time="10.07" tests="5" errors="0" skipped="0" failures="1">
  <properties>
[...]
</properties>
  <testcase name="bankManagerLoginTest" classname="com.w2a.testcases.BankManagerLoginTest" time="2.462">
    <failure message="Login not successful" type="java.lang.AssertionError">java.lang.AssertionError: Login not successful
	at org.testng.Assert.fail(Assert.java:97)
	at com.w2a.testcases.BankManagerLoginTest.bankManagerLoginTest(BankManagerLoginTest.java:22)
</failure>
    <system-err><![CDATA[Mar 11, 2025 12:10:42 AM com.relevantcodes.extentreports.ExtentReports loadConfig
WARNING: Unable to perform report configuration. The file D:\SeleniumWorkspaces\selenium3\DataDrivenFrameworksrc\test\resources\extentconfig\ReportsConfig.xml was not found.
Starting ChromeDriver 133.0.6943.126 (cffa127ce7b6be72885391527c15b452056a2e81-refs/branch-heads/6943@{#1570}) on port 34305
Only local connections are allowed.
Please see https://chromedriver.chromium.org/security-considerations for suggestions on keeping ChromeDriver safe.
ChromeDriver was started successfully on port 34305.
]]></system-err>
  </testcase>
  <testcase name="addCustomerTest" classname="com.w2a.testcases.AddCustomerTest" time="3.548"/>
  <testcase name="addCustomerTest" classname="com.w2a.testcases.AddCustomerTest" time="1.904"/>
  <testcase name="addCustomerTest" classname="com.w2a.testcases.AddCustomerTest" time="2.157"/>
  <testcase name="openAccountTest" classname="com.w2a.testcases.OpenAccountTest" time="4.06"/>
</testsuite>