<?xml version="1.0" encoding="UTF-8"?>
<testsuite name="Add Customer Test"
           tests="3"
           failures="0"
           errors="0"
           skipped="0"
           time="4.779">
  <properties />
  
  
            <testcase name="addCustomerTest" time="1.197" classname="com.w2a.testcases.AddCustomerTest" />
                <testcase name="addCustomerTest" time="2.289" classname="com.w2a.testcases.AddCustomerTest" />
                <testcase name="addCustomerTest" time="1.293" classname="com.w2a.testcases.AddCustomerTest" />
      
</testsuite>
