<?xml version="1.0" encoding="UTF-8"?>
<!-- Generated by org.testng.reporters.JUnitXMLReporter -->
<testsuite hostname="DESKTOP-H6NSOSJ" ignored="0" name="Add Customer Test" tests="3" failures="0" timestamp="2025-03-11T00:11:05 PDT" time="7.646" errors="0">
  <testcase name="addCustomerTest" time="3.456" classname="com.w2a.testcases.AddCustomerTest"/>
  <testcase name="addCustomerTest" time="1.838" classname="com.w2a.testcases.AddCustomerTest"/>
  <testcase name="addCustomerTest" time="2.107" classname="com.w2a.testcases.AddCustomerTest"/>
</testsuite> <!-- Add Customer Test -->
