<?xml version="1.0" encoding="UTF-8"?>
<!-- Generated by org.testng.reporters.JUnitXMLReporter -->
<testsuite hostname="DESKTOP-H6NSOSJ" ignored="0" name="Bank Manager Login Test" tests="1" failures="1" timestamp="2025-03-11T00:10:57 PDT" time="2.534" errors="0">
  <testcase name="bankManagerLoginTest" time="1.965" classname="com.w2a.testcases.BankManagerLoginTest">
    <failure type="java.lang.AssertionError" message="Login not successful">
      <![CDATA[java.lang.AssertionError: Login not successful
at com.w2a.testcases.BankManagerLoginTest.bankManagerLoginTest(BankManagerLoginTest.java:22)
at java.util.ArrayList.forEach(ArrayList.java:1257)
... Removed 31 stack frames]]>
    </failure>
  </testcase> <!-- bankManagerLoginTest -->
</testsuite> <!-- Bank Manager Login Test -->
